d:\vs projection\mfcsnack\mfcsnack\debug\mfcsnack.pch
d:\vs projection\mfcsnack\mfcsnack\debug\vc142.pdb
d:\vs projection\mfcsnack\mfcsnack\debug\vc142.idb
d:\vs projection\mfcsnack\mfcsnack\debug\pch.obj
d:\vs projection\mfcsnack\mfcsnack\debug\snack.obj
d:\vs projection\mfcsnack\mfcsnack\debug\mfcsnackdlg.obj
d:\vs projection\mfcsnack\mfcsnack\debug\mfcsnack.obj
d:\vs projection\mfcsnack\mfcsnack\debug\cinfodlg.obj
d:\vs projection\mfcsnack\debug\mfcsnack.exe
d:\vs projection\mfcsnack\debug\mfcsnack.ilk
d:\vs projection\mfcsnack\debug\mfcsnack.pdb
d:\vs projection\mfcsnack\mfcsnack\debug\mfcsnack.res
d:\vs projection\mfcsnack\mfcsnack\debug\mfcsnack.tlog\cl.command.1.tlog
d:\vs projection\mfcsnack\mfcsnack\debug\mfcsnack.tlog\cl.read.1.tlog
d:\vs projection\mfcsnack\mfcsnack\debug\mfcsnack.tlog\cl.write.1.tlog
d:\vs projection\mfcsnack\mfcsnack\debug\mfcsnack.tlog\link.command.1.tlog
d:\vs projection\mfcsnack\mfcsnack\debug\mfcsnack.tlog\link.read.1.tlog
d:\vs projection\mfcsnack\mfcsnack\debug\mfcsnack.tlog\link.write.1.tlog
d:\vs projection\mfcsnack\mfcsnack\debug\mfcsnack.tlog\rc.command.1.tlog
d:\vs projection\mfcsnack\mfcsnack\debug\mfcsnack.tlog\rc.read.1.tlog
d:\vs projection\mfcsnack\mfcsnack\debug\mfcsnack.tlog\rc.write.1.tlog
